2022-06-01 18:44:43,300 FATAL  [main] fatal level
2022-06-01 18:44:43,300 ERROR  [main] error level
2022-06-01 18:44:43,300 WARN  [main] warn level
2022-06-01 18:44:43,300 INFO  [main] info level
2022-06-01 18:44:43,300 DEBUG  [main] debug level
2022-06-01 18:44:43,300 TRACE  [main] trace level
2022-06-01 18:44:43,300 FATAL mylog [main] fatal level
2022-06-01 18:44:43,300 ERROR mylog [main] error level
2022-06-01 18:44:43,300 WARN mylog [main] warn level
2022-06-01 18:44:43,300 INFO mylog [main] info level
2022-06-01 18:44:43,300 DEBUG mylog [main] debug level
2022-06-01 18:44:43,300 TRACE mylog [main] trace level
2022-06-01 18:44:43,316 INFO  [main] Unable to process request due to lala
java.lang.ArithmeticException: / by zero
	at Log4jPractice.testLoggerBuilder(JavaPractice.java:7241) ~[JavaPractice/:?]
	at Log4jPractice.main(JavaPractice.java:7222) ~[JavaPractice/:?]
2022-06-01 18:44:43,332 TRACE MyApp [main] Enter Query Student
2022-06-01 18:44:43,332 DEBUG MyApp [main] Execute the createQueryString method
2022-06-01 18:44:43,332 TRACE MyApp [main] Exit with(Student)
2022-06-01 18:44:43,332 TRACE MyApp [main] Enter Update Student
2022-06-01 18:44:43,332 DEBUG MyApp [main] Execute the createUpdateString method
2022-06-01 18:44:43,332 TRACE MyApp [main] Exit with(Student)
2022-06-01 18:45:10,910 FATAL  [main] fatal level
2022-06-01 18:45:10,910 ERROR  [main] error level
2022-06-01 18:45:10,910 WARN  [main] warn level
2022-06-01 18:45:10,910 INFO  [main] info level
2022-06-01 18:45:10,910 DEBUG  [main] debug level
2022-06-01 18:45:10,910 TRACE  [main] trace level
2022-06-01 18:45:10,910 FATAL mylog [main] fatal level
2022-06-01 18:45:10,910 ERROR mylog [main] error level
2022-06-01 18:45:10,910 WARN mylog [main] warn level
2022-06-01 18:45:10,910 INFO mylog [main] info level
2022-06-01 18:45:10,910 DEBUG mylog [main] debug level
2022-06-01 18:45:10,910 TRACE mylog [main] trace level
2022-06-01 18:45:10,926 INFO  [main] Unable to process request due to lala
java.lang.ArithmeticException: / by zero
	at Log4jPractice.testLoggerBuilder(JavaPractice.java:7241) ~[JavaPractice/:?]
	at Log4jPractice.main(JavaPractice.java:7222) ~[JavaPractice/:?]
2022-06-01 18:45:10,926 TRACE MyApp [main] Enter Query Student
2022-06-01 18:45:10,926 DEBUG MyApp [main] Execute the createQueryString method
2022-06-01 18:45:10,926 TRACE MyApp [main] Exit with(Student)
2022-06-01 18:45:10,926 TRACE MyApp [main] Enter Update Student
2022-06-01 18:45:10,926 DEBUG MyApp [main] Execute the createUpdateString method
2022-06-01 18:45:10,926 TRACE MyApp [main] Exit with(Student)
2022-06-01 18:45:17,780 FATAL  [main] fatal level
2022-06-01 18:45:17,780 ERROR  [main] error level
2022-06-01 18:45:17,780 WARN  [main] warn level
2022-06-01 18:45:17,780 INFO  [main] info level
2022-06-01 18:45:17,780 DEBUG  [main] debug level
2022-06-01 18:45:17,780 TRACE  [main] trace level
2022-06-01 18:45:17,780 FATAL mylog [main] fatal level
2022-06-01 18:45:17,780 ERROR mylog [main] error level
2022-06-01 18:45:17,780 WARN mylog [main] warn level
2022-06-01 18:45:17,780 INFO mylog [main] info level
2022-06-01 18:45:17,780 DEBUG mylog [main] debug level
2022-06-01 18:45:17,780 TRACE mylog [main] trace level
2022-06-01 18:45:17,796 INFO  [main] Unable to process request due to lala
java.lang.ArithmeticException: / by zero
	at Log4jPractice.testLoggerBuilder(JavaPractice.java:7241) ~[JavaPractice/:?]
	at Log4jPractice.main(JavaPractice.java:7222) ~[JavaPractice/:?]
2022-06-01 18:45:17,796 TRACE MyApp [main] Enter Query Student
2022-06-01 18:45:17,796 DEBUG MyApp [main] Execute the createQueryString method
2022-06-01 18:45:17,796 TRACE MyApp [main] Exit with(Student)
2022-06-01 18:45:17,796 TRACE MyApp [main] Enter Update Student
2022-06-01 18:45:17,796 DEBUG MyApp [main] Execute the createUpdateString method
2022-06-01 18:45:17,796 TRACE MyApp [main] Exit with(Student)
2022-06-01 20:18:38,663 FATAL  [main] fatal level
2022-06-01 20:18:38,665 ERROR  [main] error level
2022-06-01 20:18:38,665 WARN  [main] warn level
2022-06-01 20:18:38,666 INFO  [main] info level
2022-06-01 20:18:38,666 DEBUG  [main] debug level
2022-06-01 20:18:38,666 TRACE  [main] trace level
2022-06-01 20:18:38,666 FATAL mylog [main] fatal level
2022-06-01 20:18:38,667 ERROR mylog [main] error level
2022-06-01 20:18:38,667 WARN mylog [main] warn level
2022-06-01 20:18:38,667 INFO mylog [main] info level
2022-06-01 20:18:38,667 DEBUG mylog [main] debug level
2022-06-01 20:18:38,667 TRACE mylog [main] trace level
2022-06-01 20:18:38,669 INFO  [main] Unable to process request due to lala
java.lang.ArithmeticException: / by zero
	at Log4jPractice.testLoggerBuilder(JavaPractice.java:7241) ~[JavaPractice/:?]
	at Log4jPractice.main(JavaPractice.java:7222) ~[JavaPractice/:?]
2022-06-01 20:18:38,681 TRACE MyApp [main] Enter Query Student
2022-06-01 20:18:38,682 DEBUG MyApp [main] Execute the createQueryString method
2022-06-01 20:18:38,682 TRACE MyApp [main] Exit with(Student)
2022-06-01 20:18:38,682 TRACE MyApp [main] Enter Update Student
2022-06-01 20:18:38,682 DEBUG MyApp [main] Execute the createUpdateString method
2022-06-01 20:18:38,682 TRACE MyApp [main] Exit with(Student)
